python3 molec_yaml.py acrolein
formula: C3H4O
	Successful WebBook match using "C3H4O"
	Multiple ATcT matches for "C3H4O"
	Successful ATcT match using "107-02-8"
	YAML file ./molec_data/acrolein.yml created.
python3 molec_yaml.py nh2no
formula: H2N2O
	Notice: "H2N2O" not found in WebBook list
	Successful ATcT match using "H2N2O"
	YAML file ./molec_data/nh2no.yml created.
python3 molec_yaml.py EtNHMe
formula: C3H9N
	Multiple WebBook matches for "C3H9N"
	Multiple ATcT matches for "C3H9N"
	Successful ATcT match using "624-78-2"
	YAML file ./molec_data/EtNHMe.yml created.
python3 molec_yaml.py allene
formula: C3H4
	Successful WebBook match using "C3H4"
	Multiple ATcT matches for "C3H4"
	Successful ATcT match using "allene"
	YAML file ./molec_data/allene.yml created.
python3 molec_yaml.py ch3cohch2
formula: C3H6O
	Multiple WebBook matches for "C3H6O"
	Multiple ATcT matches for "C3H6O"
	Successful ATcT match using "acetone enol"
	Successful WebBook match using "29456-04-0"
	YAML file ./molec_data/ch3cohch2.yml created.
python3 molec_yaml.py ch3ch
formula: C2H4
	Successful WebBook match using "C2H4"
	Multiple ATcT matches for "C2H4"
	Successful ATcT match using "ethylidene"
	YAML file ./molec_data/ch3ch.yml created.
python3 molec_yaml.py c5h5
formula: C5H5
	Notice: "C5H5" not found in WebBook list
	Successful ATcT match using "C5H5"
	YAML file ./molec_data/c5h5.yml created.
python3 molec_yaml.py ch2clo
formula: CH2ClO
	Notice: "CH2ClO" not found in WebBook list
	Multiple ATcT matches for "CH2ClO"
	Warning: risky ATcT Formula match using "ch2clo"
	YAML file ./molec_data/ch2clo.yml created.
python3 molec_yaml.py hcccl
formula: C2HCl
	Successful WebBook match using "C2HCl"
	Multiple ATcT matches for "C2HCl"
	Successful ATcT match using "chloroacetylene"
	YAML file ./molec_data/hcccl.yml created.
python3 molec_yaml.py DMSO
formula: C2H6OS
	Successful WebBook match using "C2H6OS"
	Notice: "C2H6OS" not found in ATcT list
	YAML file ./molec_data/DMSO.yml created.
python3 molec_yaml.py iBu
formula: C4H9
	Multiple WebBook matches for "C4H9"
	Multiple ATcT matches for "C4H9"
	Successful ATcT match using "iso-butyl"
	Successful WebBook match using "4630-45-9"
	YAML file ./molec_data/iBu.yml created.
python3 molec_yaml.py cf2
formula: CF2
	Successful WebBook match using "CF2"
	Successful ATcT match using "CF2"
	YAML file ./molec_data/cf2.yml created.
python3 molec_yaml.py hccoh
formula: C2H2O
	Multiple WebBook matches for "C2H2O"
	Successful WebBook match using "ethynol"
	Multiple ATcT matches for "C2H2O"
	Successful ATcT match using "ethynol"
	YAML file ./molec_data/hccoh.yml created.
python3 molec_yaml.py ch2chnc
formula: C3H3N
	Successful WebBook match using "C3H3N"
	Multiple ATcT matches for "C3H3N"
	Warning: risky ATcT Formula match using "ch2chnc"
	YAML file ./molec_data/ch2chnc.yml created.
python3 molec_yaml.py c2hf3
formula: C2HF3
	Successful WebBook match using "C2HF3"
	Successful ATcT match using "C2HF3"
	YAML file ./molec_data/c2hf3.yml created.
python3 molec_yaml.py sih
formula: HSi
	Successful WebBook match using "HSi"
	Successful ATcT match using "HSi"
	YAML file ./molec_data/sih.yml created.
python3 molec_yaml.py cl2o
formula: Cl2O
	Successful WebBook match using "Cl2O"
	Multiple ATcT matches for "Cl2O"
	Successful ATcT match using "7791-21-1"
	YAML file ./molec_data/cl2o.yml created.
python3 molec_yaml.py THF
formula: C4H8O
	Multiple WebBook matches for "C4H8O"
	Successful WebBook match using "tetrahydrofuran"
	Multiple ATcT matches for "C4H8O"
	YAML file ./molec_data/THF.yml created.
python3 molec_yaml.py iproh
formula: C3H8O
	Multiple WebBook matches for "C3H8O"
	Successful WebBook match using "67-63-0"
	Multiple ATcT matches for "C3H8O"
	Successful ATcT match using "2-propanol"
	YAML file ./molec_data/iproh.yml created.
python3 molec_yaml.py meoc2h3
formula: C3H6O
	Multiple WebBook matches for "C3H6O"
	Multiple ATcT matches for "C3H6O"
	Successful ATcT match using "107-25-5"
	YAML file ./molec_data/meoc2h3.yml created.
python3 molec_yaml.py hoocl
formula: HClO2
	Notice: "HClO2" not found in WebBook list
	Multiple ATcT matches for "HClO2"
	Warning: risky ATcT Formula match using "hoocl"
	YAML file ./molec_data/hoocl.yml created.
python3 molec_yaml.py cf3
formula: CF3
	Successful WebBook match using "CF3"
	Successful ATcT match using "CF3"
	YAML file ./molec_data/cf3.yml created.
python3 molec_yaml.py ccf2
formula: C2F2
	Successful WebBook match using "C2F2"
	Multiple ATcT matches for "C2F2"
	Successful ATcT match using "difluorovinylidene"
	YAML file ./molec_data/ccf2.yml created.
python3 molec_yaml.py cch
formula: C2H
	Successful WebBook match using "C2H"
	Successful ATcT match using "C2H"
	YAML file ./molec_data/cch.yml created.
python3 molec_yaml.py foo
formula: FO2
	Notice: "FO2" not found in WebBook list
	Multiple ATcT matches for "FO2"
	Warning: risky ATcT Formula match using "foo"
	YAML file ./molec_data/foo.yml created.
python3 molec_yaml.py ch2cf2
formula: C2H2F2
	Successful WebBook match using "C2H2F2"
	Multiple ATcT matches for "C2H2F2"
	Successful ATcT match using "75-38-7"
	YAML file ./molec_data/ch2cf2.yml created.
python3 molec_yaml.py fcn
formula: CFN
	Successful WebBook match using "CFN"
	Multiple ATcT matches for "CFN"
	Successful ATcT match using "1495-50-7"
	YAML file ./molec_data/fcn.yml created.
python3 molec_yaml.py phcooh
formula: C7H6O2
	Multiple WebBook matches for "C7H6O2"
	Successful ATcT match using "C7H6O2"
	YAML file ./molec_data/phcooh.yml created.
python3 molec_yaml.py ch2no
formula: CH2NO
	Notice: "CH2NO" not found in WebBook list
	Multiple ATcT matches for "CH2NO"
	Warning: risky ATcT Formula match using "ch2no"
	YAML file ./molec_data/ch2no.yml created.
python3 molec_yaml.py sih2oh
formula: H3OSi
	Notice: "H3OSi" not found in WebBook list
	Multiple ATcT matches for "H3OSi"
	Successful ATcT match using "hydroxysilyl"
	YAML file ./molec_data/sih2oh.yml created.
python3 molec_yaml.py ethanol
formula: C2H6O
	Multiple WebBook matches for "C2H6O"
	Successful WebBook match using "ethanol"
	Multiple ATcT matches for "C2H6O"
	Successful ATcT match using "ethanol"
	YAML file ./molec_data/ethanol.yml created.
python3 molec_yaml.py nh
formula: HN
	Successful WebBook match using "HN"
	Successful ATcT match using "HN"
	YAML file ./molec_data/nh.yml created.
python3 molec_yaml.py c3o2
formula: C3O2
	Successful WebBook match using "C3O2"
	Successful ATcT match using "C3O2"
	YAML file ./molec_data/c3o2.yml created.
python3 molec_yaml.py MEK
formula: C4H8O
	Multiple WebBook matches for "C4H8O"
	Successful WebBook match using "2-butanone"
	Multiple ATcT matches for "C4H8O"
	Successful ATcT match using "2-butanone"
	YAML file ./molec_data/MEK.yml created.
python3 molec_yaml.py fno
formula: FNO
	Successful WebBook match using "FNO"
	Successful ATcT match using "FNO"
	YAML file ./molec_data/fno.yml created.
python3 molec_yaml.py c2f4
formula: C2F4
	Successful WebBook match using "C2F4"
	Successful ATcT match using "C2F4"
	YAML file ./molec_data/c2f4.yml created.
python3 molec_yaml.py oclo
formula: ClO2
	Successful WebBook match using "ClO2"
	Multiple ATcT matches for "ClO2"
	Successful ATcT match using "chlorine dioxide"
	YAML file ./molec_data/oclo.yml created.
python3 molec_yaml.py so2
formula: O2S
	Successful WebBook match using "O2S"
	Notice: "O2S" not found in ATcT list
	YAML file ./molec_data/so2.yml created.
python3 molec_yaml.py hcl
formula: HCl
	Successful WebBook match using "HCl"
	Successful ATcT match using "HCl"
	YAML file ./molec_data/hcl.yml created.
python3 molec_yaml.py DMF
formula: C3H7NO
	Multiple WebBook matches for "C3H7NO"
	Notice: "C3H7NO" not found in ATcT list
	YAML file ./molec_data/DMF.yml created.
python3 molec_yaml.py cch2
formula: C2H2
	Successful WebBook match using "C2H2"
	Multiple ATcT matches for "C2H2"
	Successful ATcT match using "vinylidene"
	YAML file ./molec_data/cch2.yml created.
python3 molec_yaml.py ch2noh
formula: CH3NO
	Successful WebBook match using "CH3NO"
	Multiple ATcT matches for "CH3NO"
	Successful ATcT match using "formaldoxime"
	YAML file ./molec_data/ch2noh.yml created.
python3 molec_yaml.py ch3ccch3
Makefile:44: recipe for target 'molec_data/ch3ccch3.yml' failed
python3 molec_yaml.py ch3ooh
formula: CH4O2
	Successful WebBook match using "CH4O2"
	Multiple ATcT matches for "CH4O2"
	Successful ATcT match using "methyl hydroperoxide"
	YAML file ./molec_data/ch3ooh.yml created.
python3 molec_yaml.py hnc
formula: CHN
	Successful WebBook match using "CHN"
	Multiple ATcT matches for "CHN"
	Successful ATcT match using "hydrogen isocyanide"
	YAML file ./molec_data/hnc.yml created.
python3 molec_yaml.py si2h6
formula: H6Si2
	Notice: "H6Si2" not found in WebBook list
	Successful ATcT match using "H6Si2"
	YAML file ./molec_data/si2h6.yml created.
python3 molec_yaml.py ch3cl
formula: CH3Cl
	Successful WebBook match using "CH3Cl"
	Successful ATcT match using "CH3Cl"
	YAML file ./molec_data/ch3cl.yml created.
python3 molec_yaml.py oxirane
formula: C2H4O
	Multiple WebBook matches for "C2H4O"
	Successful WebBook match using "ethylene oxide"
	Multiple ATcT matches for "C2H4O"
	Successful ATcT match using "75-21-8"
	YAML file ./molec_data/oxirane.yml created.
python3 molec_yaml.py c2h2
formula: C2H2
	Successful WebBook match using "C2H2"
	Multiple ATcT matches for "C2H2"
	Successful ATcT match using "acetylene"
	YAML file ./molec_data/c2h2.yml created.
python3 molec_yaml.py ch2clchcl2
formula: C2H3Cl3
	Multiple WebBook matches for "C2H3Cl3"
	Successful WebBook match using "79-00-5"
	Multiple ATcT matches for "C2H3Cl3"
	Successful ATcT match using "1,1,2-trichloroethane"
	YAML file ./molec_data/ch2clchcl2.yml created.
python3 molec_yaml.py chclchcl
formula: C2H2Cl2
	Multiple WebBook matches for "C2H2Cl2"
	Successful WebBook match using "156-59-2"
	Multiple ATcT matches for "C2H2Cl2"
	Warning: risky ATcT Formula match using "chclchcl"
	YAML file ./molec_data/chclchcl.yml created.
python3 molec_yaml.py ccl3
formula: CCl3
	Successful WebBook match using "CCl3"
	Successful ATcT match using "CCl3"
	YAML file ./molec_data/ccl3.yml created.
python3 molec_yaml.py cl2
formula: Cl2
	Notice: "Cl2" not found in WebBook list
	Successful ATcT match using "Cl2"
	YAML file ./molec_data/cl2.yml created.
python3 molec_yaml.py c2h5f
formula: C2H5F
	Notice: "C2H5F" not found in WebBook list
	Successful ATcT match using "C2H5F"
	YAML file ./molec_data/c2h5f.yml created.
python3 molec_yaml.py acetonyl
formula: C3H5O
	Notice: "C3H5O" not found in WebBook list
	Successful ATcT match using "C3H5O"
	YAML file ./molec_data/acetonyl.yml created.
python3 molec_yaml.py hocl
formula: HClO
	Successful WebBook match using "HClO"
	Multiple ATcT matches for "HClO"
	Successful ATcT match using "hypochlorous acid"
	YAML file ./molec_data/hocl.yml created.
python3 molec_yaml.py ch3oh
formula: CH4O
	Successful WebBook match using "CH4O"
	Multiple ATcT matches for "CH4O"
	Successful ATcT match using "methanol"
	YAML file ./molec_data/ch3oh.yml created.
python3 molec_yaml.py c2h3cl
formula: C2H3Cl
	Multiple WebBook matches for "C2H3Cl"
	Successful WebBook match using "75-01-4"
	Successful ATcT match using "C2H3Cl"
	YAML file ./molec_data/c2h3cl.yml created.
python3 molec_yaml.py ccf
formula: C2F
	Notice: "C2F" not found in WebBook list
	Successful ATcT match using "C2F"
	YAML file ./molec_data/ccf.yml created.
python3 molec_yaml.py dioxirane
formula: CH2O2
	Successful WebBook match using "CH2O2"
	Multiple ATcT matches for "CH2O2"
	Successful ATcT match using "dioxirane"
	YAML file ./molec_data/dioxirane.yml created.
python3 molec_yaml.py isoprene
formula: C5H8
	Multiple WebBook matches for "C5H8"
	Successful WebBook match using "78-79-5"
	Multiple ATcT matches for "C5H8"
	Successful ATcT match using "78-79-5"
	YAML file ./molec_data/isoprene.yml created.
python3 molec_yaml.py hcooh
formula: CH2O2
	Successful WebBook match using "CH2O2"
	Multiple ATcT matches for "CH2O2"
	Successful ATcT match using "formic acid"
	YAML file ./molec_data/hcooh.yml created.
python3 molec_yaml.py cncn
formula: C2N2
	Successful WebBook match using "C2N2"
	Multiple ATcT matches for "C2N2"
	Successful ATcT match using "isocyanogen"
	YAML file ./molec_data/cncn.yml created.
python3 molec_yaml.py Me2N
formula: C2H6N
	Notice: "C2H6N" not found in WebBook list
	Multiple ATcT matches for "C2H6N"
	YAML file ./molec_data/Me2N.yml created.
python3 molec_yaml.py cyc3
formula: C3H6
	Multiple WebBook matches for "C3H6"
	Successful WebBook match using "cyclopropane"
	Multiple ATcT matches for "C3H6"
	Successful ATcT match using "cyclopropane"
	YAML file ./molec_data/cyc3.yml created.
python3 molec_yaml.py AcCl
formula: C2H3ClO
	Successful WebBook match using "C2H3ClO"
	Successful ATcT match using "C2H3ClO"
	YAML file ./molec_data/AcCl.yml created.
python3 molec_yaml.py DME
formula: C2H6O
	Multiple WebBook matches for "C2H6O"
	Successful WebBook match using "dimethyl ether"
	Multiple ATcT matches for "C2H6O"
	Successful ATcT match using "115-10-6"
	YAML file ./molec_data/DME.yml created.
python3 molec_yaml.py cloo
formula: ClO2
	Successful WebBook match using "ClO2"
	Multiple ATcT matches for "ClO2"
	Successful ATcT Formula match using "cloo"
	YAML file ./molec_data/cloo.yml created.
python3 molec_yaml.py cf2cl2
formula: CCl2F2
	Successful WebBook match using "CCl2F2"
	Successful ATcT match using "CCl2F2"
	YAML file ./molec_data/cf2cl2.yml created.
python3 molec_yaml.py h2s
formula: H2S
	Successful WebBook match using "H2S"
	Notice: "H2S" not found in ATcT list
	YAML file ./molec_data/h2s.yml created.
python3 molec_yaml.py cf
formula: CF
	Successful WebBook match using "CF"
	Successful ATcT match using "CF"
	YAML file ./molec_data/cf.yml created.
python3 molec_yaml.py hono
formula: HNO2
	Successful WebBook match using "HNO2"
	Multiple ATcT matches for "HNO2"
	Successful ATcT match using "nitrous acid"
	YAML file ./molec_data/hono.yml created.
python3 molec_yaml.py ch2
formula: CH2
	Successful WebBook match using "CH2"
	Successful ATcT match using "CH2"
	YAML file ./molec_data/ch2.yml created.
python3 molec_yaml.py nh4
formula: H4N
	Notice: "H4N" not found in WebBook list
	Successful ATcT match using "H4N"
	YAML file ./molec_data/nh4.yml created.
python3 molec_yaml.py hocn
formula: CHNO
	Successful WebBook match using "CHNO"
	Multiple ATcT matches for "CHNO"
	Successful ATcT match using "cyanic acid"
	YAML file ./molec_data/hocn.yml created.
python3 molec_yaml.py clo
formula: ClO
	Successful WebBook match using "ClO"
	Successful ATcT match using "ClO"
	YAML file ./molec_data/clo.yml created.
python3 molec_yaml.py cf2o
formula: CF2O
	Successful WebBook match using "CF2O"
	Multiple ATcT matches for "CF2O"
	Successful ATcT match using "353-50-4"
	YAML file ./molec_data/cf2o.yml created.
python3 molec_yaml.py c2h5cl
formula: C2H5Cl
	Successful WebBook match using "C2H5Cl"
	Successful ATcT match using "C2H5Cl"
	YAML file ./molec_data/c2h5cl.yml created.
python3 molec_yaml.py c2f6
formula: C2F6
	Successful WebBook match using "C2F6"
	Successful ATcT match using "C2F6"
	YAML file ./molec_data/c2f6.yml created.
python3 molec_yaml.py chcl3
formula: CHCl3
	Successful WebBook match using "CHCl3"
	Successful ATcT match using "CHCl3"
	YAML file ./molec_data/chcl3.yml created.
python3 molec_yaml.py fc2h4oh
formula: C2H5FO
	Notice: "C2H5FO" not found in WebBook list
	Successful ATcT match using "C2H5FO"
	YAML file ./molec_data/fc2h4oh.yml created.
python3 molec_yaml.py ch2no2
formula: CH2NO2
	Notice: "CH2NO2" not found in WebBook list
	Successful ATcT match using "CH2NO2"
	YAML file ./molec_data/ch2no2.yml created.
python3 molec_yaml.py sio2
formula: O2Si
	Successful WebBook match using "O2Si"
	Successful ATcT match using "O2Si"
	YAML file ./molec_data/sio2.yml created.
python3 molec_yaml.py ch3nhch2
formula: C2H6N
	Notice: "C2H6N" not found in WebBook list
	Multiple ATcT matches for "C2H6N"
	Successful ATcT Formula match using "ch3nhch2"
	YAML file ./molec_data/ch3nhch2.yml created.
python3 molec_yaml.py acetoxyl
formula: C2H3O2
	Notice: "C2H3O2" not found in WebBook list
	Multiple ATcT matches for "C2H3O2"
	YAML file ./molec_data/acetoxyl.yml created.
python3 molec_yaml.py phno2
formula: C6H5NO2
	Multiple WebBook matches for "C6H5NO2"
	Successful WebBook match using "98-95-3"
	Successful ATcT match using "C6H5NO2"
	YAML file ./molec_data/phno2.yml created.
python3 molec_yaml.py sio
formula: OSi
	Successful WebBook match using "OSi"
	Successful ATcT match using "OSi"
	YAML file ./molec_data/sio.yml created.
python3 molec_yaml.py nh2co
formula: CH2NO
	Notice: "CH2NO" not found in WebBook list
	Multiple ATcT matches for "CH2NO"
	Successful ATcT Formula match using "nh2co"
	YAML file ./molec_data/nh2co.yml created.
python3 molec_yaml.py si
formula: Si
	Successful WebBook match using "Si"
	Successful ATcT match using "Si"
	YAML file ./molec_data/si.yml created.
python3 molec_yaml.py AcC2H3
formula: C4H6O
	Multiple WebBook matches for "C4H6O"
	Successful WebBook match using "methyl vinyl ketone"
	Multiple ATcT matches for "C4H6O"
	Successful ATcT match using "78-94-4"
	YAML file ./molec_data/AcC2H3.yml created.
python3 molec_yaml.py sf6
formula: F6S
	Successful WebBook match using "F6S"
	Notice: "F6S" not found in ATcT list
	YAML file ./molec_data/sf6.yml created.
python3 molec_yaml.py cyclobutene
formula: C4H6
	Multiple WebBook matches for "C4H6"
	Successful WebBook match using "cyclobutene"
	Multiple ATcT matches for "C4H6"
	Successful ATcT match using "cyclobutene"
	YAML file ./molec_data/cyclobutene.yml created.
python3 molec_yaml.py sih2o
formula: H2OSi
	Notice: "H2OSi" not found in WebBook list
	Successful ATcT match using "H2OSi"
	YAML file ./molec_data/sih2o.yml created.
python3 molec_yaml.py c3h2o
formula: C3H2O
	Notice: "C3H2O" not found in WebBook list
	Multiple ATcT matches for "C3H2O"
	Successful ATcT match using "2961-80-0"
	YAML file ./molec_data/c3h2o.yml created.
python3 molec_yaml.py ch2cn
formula: C2H2N
	Notice: "C2H2N" not found in WebBook list
	Multiple ATcT matches for "C2H2N"
	Successful ATcT match using "cyanomethyl"
	YAML file ./molec_data/ch2cn.yml created.
python3 molec_yaml.py n2h4
formula: H4N2
	Successful WebBook match using "H4N2"
	Successful ATcT match using "H4N2"
	YAML file ./molec_data/n2h4.yml created.
python3 molec_yaml.py acoh
formula: C2H4O2
	Multiple WebBook matches for "C2H4O2"
	Successful WebBook match using "acetic acid"
	Multiple ATcT matches for "C2H4O2"
	Successful ATcT match using "acetic acid"
	YAML file ./molec_data/acoh.yml created.
python3 molec_yaml.py Me2NCH2
formula: C3H8N
	Notice: "C3H8N" not found in WebBook list
	Successful ATcT match using "C3H8N"
	YAML file ./molec_data/Me2NCH2.yml created.
python3 molec_yaml.py hcn
formula: CHN
	Successful WebBook match using "CHN"
	Multiple ATcT matches for "CHN"
	Successful ATcT match using "hydrogen cyanide"
	YAML file ./molec_data/hcn.yml created.
python3 molec_yaml.py c6h5
formula: C6H5
	Successful WebBook match using "C6H5"
	Successful ATcT match using "C6H5"
	YAML file ./molec_data/c6h5.yml created.
python3 molec_yaml.py co3h2
formula: CH2O3
	Notice: "CH2O3" not found in WebBook list
	Multiple ATcT matches for "CH2O3"
	Successful ATcT match using "carbonic acid"
	YAML file ./molec_data/co3h2.yml created.
python3 molec_yaml.py hno2
formula: HNO2
	Successful WebBook match using "HNO2"
	Multiple ATcT matches for "HNO2"
	Successful ATcT match using "nitryl hydride"
	YAML file ./molec_data/hno2.yml created.
python3 molec_yaml.py tBu
formula: C4H9
	Multiple WebBook matches for "C4H9"
	Multiple ATcT matches for "C4H9"
	YAML file ./molec_data/tBu.yml created.
python3 molec_yaml.py ch2ohoh
formula: CH4O2
	Successful WebBook match using "CH4O2"
	Multiple ATcT matches for "CH4O2"
	Successful ATcT match using "methanediol"
	YAML file ./molec_data/ch2ohoh.yml created.
python3 molec_yaml.py etfo
formula: C3H6O2
	Multiple WebBook matches for "C3H6O2"
	Successful WebBook match using "ethyl formate"
	Multiple ATcT matches for "C3H6O2"
	Successful ATcT match using "ethyl formate"
	YAML file ./molec_data/etfo.yml created.
python3 molec_yaml.py cn
formula: CN
	Successful WebBook match using "CN"
	Successful ATcT match using "CN"
	YAML file ./molec_data/cn.yml created.
python3 molec_yaml.py c2h3f
formula: C2H3F
	Successful WebBook match using "C2H3F"
	Successful ATcT match using "C2H3F"
	YAML file ./molec_data/c2h3f.yml created.
python3 molec_yaml.py fco
formula: CFO
	Successful WebBook match using "CFO"
	Multiple ATcT matches for "CFO"
	Successful ATcT match using "fluoroformyl"
	YAML file ./molec_data/fco.yml created.
python3 molec_yaml.py chf
formula: CHF
	Successful WebBook match using "CHF"
	Successful ATcT match using "CHF"
	YAML file ./molec_data/chf.yml created.
python3 molec_yaml.py hcch2cl
formula: C3H3Cl
	Notice: "C3H3Cl" not found in WebBook list
	Multiple ATcT matches for "C3H3Cl"
	Successful ATcT match using "propargyl chloride"
	YAML file ./molec_data/hcch2cl.yml created.
python3 molec_yaml.py nccn
formula: C2N2
	Successful WebBook match using "C2N2"
	Multiple ATcT matches for "C2N2"
	Successful ATcT match using "cyanogen"
	YAML file ./molec_data/nccn.yml created.
python3 molec_yaml.py ch3c
formula: C2H3
	Successful WebBook match using "C2H3"
	Multiple ATcT matches for "C2H3"
	Successful ATcT match using "ethylidyne"
	YAML file ./molec_data/ch3c.yml created.
python3 molec_yaml.py c2h3
formula: C2H3
	Successful WebBook match using "C2H3"
	Multiple ATcT matches for "C2H3"
	Successful ATcT match using "vinyl"
	YAML file ./molec_data/c2h3.yml created.
python3 molec_yaml.py nBu
formula: C4H9
	Multiple WebBook matches for "C4H9"
	Multiple ATcT matches for "C4H9"
	Successful ATcT match using "n-butyl"
	YAML file ./molec_data/nBu.yml created.
python3 molec_yaml.py n
formula: N
	Successful WebBook match using "N"
	Successful ATcT match using "N"
	YAML file ./molec_data/n.yml created.
python3 molec_yaml.py hco3
formula: CHO3
	Notice: "CHO3" not found in WebBook list
	Multiple ATcT matches for "CHO3"
	Successful ATcT match using "peroxyformyl"
	YAML file ./molec_data/hco3.yml created.
python3 molec_yaml.py ch2o
formula: CH2O
	Successful WebBook match using "CH2O"
	Multiple ATcT matches for "CH2O"
	Successful ATcT match using "formaldehyde"
	YAML file ./molec_data/ch2o.yml created.
python3 molec_yaml.py butadiene
formula: C4H6
	Multiple WebBook matches for "C4H6"
	Successful WebBook match using "1,3-butadiene"
	Multiple ATcT matches for "C4H6"
	Successful ATcT match using "1,3-butadiene"
	YAML file ./molec_data/butadiene.yml created.
python3 molec_yaml.py clf5
formula: ClF5
	Successful WebBook match using "ClF5"
	Successful ATcT match using "ClF5"
	YAML file ./molec_data/clf5.yml created.
python3 molec_yaml.py c2h3cch
formula: C4H4
	Multiple WebBook matches for "C4H4"
	Successful WebBook match using "689-97-4"
	Multiple ATcT matches for "C4H4"
	Successful ATcT match using "689-97-4"
	YAML file ./molec_data/c2h3cch.yml created.
python3 molec_yaml.py clf3
formula: ClF3
	Successful WebBook match using "ClF3"
	Successful ATcT match using "ClF3"
	YAML file ./molec_data/clf3.yml created.
python3 molec_yaml.py ibutane
formula: C4H10
	Multiple WebBook matches for "C4H10"
	Successful WebBook match using "isobutane"
	Multiple ATcT matches for "C4H10"
	Successful ATcT match using "75-28-5"
	YAML file ./molec_data/ibutane.yml created.
python3 molec_yaml.py hoco
formula: CHO2
	Notice: "CHO2" not found in WebBook list
	Multiple ATcT matches for "CHO2"
	Successful ATcT match using "hydroxyformyl"
	YAML file ./molec_data/hoco.yml created.
python3 molec_yaml.py onono2
formula: N2O4
	Successful WebBook match using "N2O4"
	Multiple ATcT matches for "N2O4"
	Successful ATcT match using "nitrosyl nitrate"
	YAML file ./molec_data/onono2.yml created.
python3 molec_yaml.py ch2n
formula: CH2N
	Notice: "CH2N" not found in WebBook list
	Multiple ATcT matches for "CH2N"
	Successful ATcT Formula match using "ch2n"
	YAML file ./molec_data/ch2n.yml created.
python3 molec_yaml.py f
formula: F
	Successful WebBook match using "F"
	Successful ATcT match using "F"
	YAML file ./molec_data/f.yml created.
python3 molec_yaml.py cyc3ene
formula: C3H4
	Successful WebBook match using "C3H4"
	Multiple ATcT matches for "C3H4"
	Successful ATcT match using "cyclopropene"
	YAML file ./molec_data/cyc3ene.yml created.
python3 molec_yaml.py ch3och2
formula: C2H5O
	Notice: "C2H5O" not found in WebBook list
	Multiple ATcT matches for "C2H5O"
	Successful ATcT match using "methoxymethyl"
	YAML file ./molec_data/ch3och2.yml created.
python3 molec_yaml.py ch3nc
formula: C2H3N
	Multiple WebBook matches for "C2H3N"
	Successful WebBook match using "methyl isocyanide"
	Multiple ATcT matches for "C2H3N"
	Successful ATcT match using "593-75-9"
	YAML file ./molec_data/ch3nc.yml created.
python3 molec_yaml.py clcn
formula: CClN
	Successful WebBook match using "CClN"
	Multiple ATcT matches for "CClN"
	Successful ATcT match using "cyanogen chloride"
	YAML file ./molec_data/clcn.yml created.
python3 molec_yaml.py THP
formula: C5H10O
	Multiple WebBook matches for "C5H10O"
	Successful WebBook match using "tetrahydropyran"
	Notice: "C5H10O" not found in ATcT list
	YAML file ./molec_data/THP.yml created.
python3 molec_yaml.py c2h5cho
formula: C3H6O
	Multiple WebBook matches for "C3H6O"
	Successful WebBook match using "propanal"
	Multiple ATcT matches for "C3H6O"
	Successful ATcT match using "123-38-6"
	YAML file ./molec_data/c2h5cho.yml created.
python3 molec_yaml.py c2hcl5
formula: C2HCl5
	Successful WebBook match using "C2HCl5"
	Successful ATcT match using "C2HCl5"
	YAML file ./molec_data/c2hcl5.yml created.
python3 molec_yaml.py onono
formula: N2O3
	Successful WebBook match using "N2O3"
	Multiple ATcT matches for "N2O3"
	Successful ATcT match using "122413-35-8"
	YAML file ./molec_data/onono.yml created.
python3 molec_yaml.py c2h4cl2
formula: C2H4Cl2
	Multiple WebBook matches for "C2H4Cl2"
	Successful WebBook match using "75-34-3"
	Multiple ATcT matches for "C2H4Cl2"
	Successful ATcT match using "1,1-dichloroethane"
	YAML file ./molec_data/c2h4cl2.yml created.
python3 molec_yaml.py hnco
formula: CHNO
	Successful WebBook match using "CHNO"
	Multiple ATcT matches for "CHNO"
	Successful ATcT match using "isocyanic acid"
	YAML file ./molec_data/hnco.yml created.
python3 molec_yaml.py n2o5
formula: N2O5
	Successful WebBook match using "N2O5"
	Successful ATcT match using "N2O5"
	YAML file ./molec_data/n2o5.yml created.
python3 molec_yaml.py ccl2
formula: CCl2
	Successful WebBook match using "CCl2"
	Successful ATcT match using "CCl2"
	YAML file ./molec_data/ccl2.yml created.
python3 molec_yaml.py butane
formula: C4H10
	Multiple WebBook matches for "C4H10"
	Successful WebBook match using "butane"
	Multiple ATcT matches for "C4H10"
	Successful ATcT match using "106-97-8"
	YAML file ./molec_data/butane.yml created.
python3 molec_yaml.py isobutene
formula: C4H8
	Multiple WebBook matches for "C4H8"
	Successful WebBook match using "115-11-7"
	Multiple ATcT matches for "C4H8"
	Successful ATcT match using "isobutene"
	YAML file ./molec_data/isobutene.yml created.
python3 molec_yaml.py chfcl2
formula: CHCl2F
	Successful WebBook match using "CHCl2F"
	Successful ATcT match using "CHCl2F"
	YAML file ./molec_data/chfcl2.yml created.
python3 molec_yaml.py ch3sh
formula: CH4S
	Successful WebBook match using "CH4S"
	Notice: "CH4S" not found in ATcT list
	YAML file ./molec_data/ch3sh.yml created.
python3 molec_yaml.py ncn
formula: CN2
	Multiple WebBook matches for "CN2"
	Multiple ATcT matches for "CN2"
	Successful ATcT Formula match using "ncn"
	Successful WebBook match using "2669-76-3"
	YAML file ./molec_data/ncn.yml created.
python3 molec_yaml.py CpH
formula: C5H6
	Multiple WebBook matches for "C5H6"
	Successful WebBook match using "542-92-7"
	Multiple ATcT matches for "C5H6"
	Successful ATcT match using "cyclopentadiene"
	YAML file ./molec_data/CpH.yml created.
python3 molec_yaml.py cho
formula: CHO
	Successful WebBook match using "CHO"
	Multiple ATcT matches for "CHO"
	Successful ATcT match using "formyl"
	YAML file ./molec_data/cho.yml created.
python3 molec_yaml.py ch2cchcl
formula: C3H3Cl
	Notice: "C3H3Cl" not found in WebBook list
	Multiple ATcT matches for "C3H3Cl"
	Successful ATcT match using "chloroallene"
	YAML file ./molec_data/ch2cchcl.yml created.
python3 molec_yaml.py benzyne
formula: C6H4
	Multiple WebBook matches for "C6H4"
	Successful WebBook match using "462-80-6"
	Multiple ATcT matches for "C6H4"
	Successful ATcT match using "o-benzyne"
	YAML file ./molec_data/benzyne.yml created.
python3 molec_yaml.py cyc5
formula: C5H10
	Multiple WebBook matches for "C5H10"
	Successful WebBook match using "cyclopentane"
	Successful ATcT match using "C5H10"
	YAML file ./molec_data/cyc5.yml created.
python3 molec_yaml.py nh2
formula: H2N
	Successful WebBook match using "H2N"
	Successful ATcT match using "H2N"
	YAML file ./molec_data/nh2.yml created.
python3 molec_yaml.py ch3f
formula: CH3F
	Successful WebBook match using "CH3F"
	Successful ATcT match using "CH3F"
	YAML file ./molec_data/ch3f.yml created.
python3 molec_yaml.py AcNH2
formula: C2H5NO
	Multiple WebBook matches for "C2H5NO"
	Successful WebBook match using "acetamide"
	Successful ATcT match using "C2H5NO"
	YAML file ./molec_data/AcNH2.yml created.
python3 molec_yaml.py chcl2chcl2
formula: C2H2Cl4
	Multiple WebBook matches for "C2H2Cl4"
	Successful WebBook match using "79-34-5"
	Multiple ATcT matches for "C2H2Cl4"
	Successful ATcT match using "1,1,2,2-tetrachloroethane"
	YAML file ./molec_data/chcl2chcl2.yml created.
python3 molec_yaml.py clco
formula: CClO
	Successful WebBook match using "CClO"
	Successful ATcT match using "CClO"
	YAML file ./molec_data/clco.yml created.
python3 molec_yaml.py mec4h
formula: C5H4
	Notice: "C5H4" not found in WebBook list
	Multiple ATcT matches for "C5H4"
	Successful ATcT match using "1,3-pentadiyne"
	YAML file ./molec_data/mec4h.yml created.
python3 molec_yaml.py f2
formula: F2
	Notice: "F2" not found in WebBook list
	Successful ATcT match using "F2"
	YAML file ./molec_data/f2.yml created.
python3 molec_yaml.py sih3
formula: H3Si
	Notice: "H3Si" not found in WebBook list
	Successful ATcT match using "H3Si"
	YAML file ./molec_data/sih3.yml created.
python3 molec_yaml.py ch2cooh
formula: C2H3O2
	Notice: "C2H3O2" not found in WebBook list
	Multiple ATcT matches for "C2H3O2"
	Successful ATcT match using "carboxymethyl"
	YAML file ./molec_data/ch2cooh.yml created.
python3 molec_yaml.py c2h5nh2
formula: C2H7N
	Multiple WebBook matches for "C2H7N"
	Successful WebBook match using "ethylamine"
	Multiple ATcT matches for "C2H7N"
	Successful ATcT match using "ethylamine"
	YAML file ./molec_data/c2h5nh2.yml created.
python3 molec_yaml.py ch3cn
formula: C2H3N
	Multiple WebBook matches for "C2H3N"
	Successful WebBook match using "acetonitrile"
	Multiple ATcT matches for "C2H3N"
	Successful ATcT match using "acetonitrile"
	YAML file ./molec_data/ch3cn.yml created.
python3 molec_yaml.py ch3
formula: CH3
	Successful WebBook match using "CH3"
	Successful ATcT match using "CH3"
	YAML file ./molec_data/ch3.yml created.
python3 molec_yaml.py ch3chchch2
formula: C4H7
	Notice: "C4H7" not found in WebBook list
	Successful ATcT match using "C4H7"
	YAML file ./molec_data/ch3chchch2.yml created.
python3 molec_yaml.py c2h4
formula: C2H4
	Successful WebBook match using "C2H4"
	Multiple ATcT matches for "C2H4"
	Successful ATcT match using "ethylene"
	YAML file ./molec_data/c2h4.yml created.
python3 molec_yaml.py etono
formula: C2H5NO2
	Multiple WebBook matches for "C2H5NO2"
	Successful WebBook match using "109-95-5"
	Successful ATcT match using "C2H5NO2"
	YAML file ./molec_data/etono.yml created.
python3 molec_yaml.py acenaphthylene
formula: C12H8
	Multiple WebBook matches for "C12H8"
	Successful WebBook match using "acenaphthylene"
	Notice: "C12H8" not found in ATcT list
	YAML file ./molec_data/acenaphthylene.yml created.
python3 molec_yaml.py hcnh2
formula: CH3N
	Successful WebBook match using "CH3N"
	Multiple ATcT matches for "CH3N"
	Successful ATcT match using "aminomethylene"
	YAML file ./molec_data/hcnh2.yml created.
python3 molec_yaml.py o
formula: O
	Successful WebBook match using "O"
	Successful ATcT match using "O"
	YAML file ./molec_data/o.yml created.
python3 molec_yaml.py proh
formula: C3H8O
	Multiple WebBook matches for "C3H8O"
	Successful WebBook match using "1-propanol"
	Multiple ATcT matches for "C3H8O"
	Successful ATcT match using "1-propanol"
	YAML file ./molec_data/proh.yml created.
python3 molec_yaml.py h
formula: H
	Successful WebBook match using "H"
	Successful ATcT match using "H"
	YAML file ./molec_data/h.yml created.
python3 molec_yaml.py nPr
formula: C3H7
	Multiple WebBook matches for "C3H7"
	Multiple ATcT matches for "C3H7"
	Successful ATcT match using "n-propyl"
	Successful WebBook match using "2143-61-5"
	YAML file ./molec_data/nPr.yml created.
python3 molec_yaml.py c2h5o
formula: C2H5O
	Notice: "C2H5O" not found in WebBook list
	Multiple ATcT matches for "C2H5O"
	YAML file ./molec_data/c2h5o.yml created.
python3 molec_yaml.py benzene
formula: C6H6
	Multiple WebBook matches for "C6H6"
	Successful WebBook match using "benzene"
	Multiple ATcT matches for "C6H6"
	Successful ATcT match using "benzene"
	YAML file ./molec_data/benzene.yml created.
python3 molec_yaml.py ch2nh2
formula: CH4N
	Notice: "CH4N" not found in WebBook list
	Multiple ATcT matches for "CH4N"
	Successful ATcT match using "aminomethyl"
	YAML file ./molec_data/ch2nh2.yml created.
python3 molec_yaml.py ch3o
formula: CH3O
	Multiple WebBook matches for "CH3O"
	Successful WebBook match using "2143-68-2"
	Multiple ATcT matches for "CH3O"
	Successful ATcT match using "2143-68-2"
	YAML file ./molec_data/ch3o.yml created.
python3 molec_yaml.py cyc3me
formula: C4H8
	Multiple WebBook matches for "C4H8"
	Multiple ATcT matches for "C4H8"
	Successful ATcT match using "methylcyclopropane"
	YAML file ./molec_data/cyc3me.yml created.
python3 molec_yaml.py c
formula: C
	Successful WebBook match using "C"
	Successful ATcT match using "C"
	YAML file ./molec_data/c.yml created.
python3 molec_yaml.py hof
formula: HFO
	Successful WebBook match using "HFO"
	Successful ATcT match using "HFO"
	YAML file ./molec_data/hof.yml created.
python3 molec_yaml.py ch2cc2h2
formula: C4H4
	Multiple WebBook matches for "C4H4"
	Multiple ATcT matches for "C4H4"
	Successful ATcT match using "3-methylenecyclopropene"
	YAML file ./molec_data/ch2cc2h2.yml created.
python3 molec_yaml.py meoac
formula: C3H6O2
	Multiple WebBook matches for "C3H6O2"
	Successful WebBook match using "79-20-9"
	Multiple ATcT matches for "C3H6O2"
	Successful ATcT match using "methyl acetate"
	YAML file ./molec_data/meoac.yml created.
python3 molec_yaml.py acetone
formula: C3H6O
	Multiple WebBook matches for "C3H6O"
	Successful WebBook match using "acetone"
	Multiple ATcT matches for "C3H6O"
	Successful ATcT match using "acetone"
	YAML file ./molec_data/acetone.yml created.
python3 molec_yaml.py c3h3
formula: C3H3
	Successful WebBook match using "C3H3"
	Multiple ATcT matches for "C3H3"
	YAML file ./molec_data/c3h3.yml created.
python3 molec_yaml.py ch3nh
formula: CH4N
	Notice: "CH4N" not found in WebBook list
	Multiple ATcT matches for "CH4N"
	Successful ATcT Formula match using "ch3nh"
	YAML file ./molec_data/ch3nh.yml created.
python3 molec_yaml.py c2cl5
formula: C2Cl5
	Notice: "C2Cl5" not found in WebBook list
	Successful ATcT match using "C2Cl5"
	YAML file ./molec_data/c2cl5.yml created.
python3 molec_yaml.py hcno
formula: CHNO
	Successful WebBook match using "CHNO"
	Multiple ATcT matches for "CHNO"
	Successful ATcT match using "fulminic acid"
	YAML file ./molec_data/hcno.yml created.
python3 molec_yaml.py honc
formula: CHNO
	Successful WebBook match using "CHNO"
	Multiple ATcT matches for "CHNO"
	Successful ATcT match using "isofulminic acid"
	YAML file ./molec_data/honc.yml created.
python3 molec_yaml.py chfo
formula: CHFO
	Successful WebBook match using "CHFO"
	Successful ATcT match using "CHFO"
	YAML file ./molec_data/chfo.yml created.
python3 molec_yaml.py foof
formula: F2O2
	Notice: "F2O2" not found in WebBook list
	Multiple ATcT matches for "F2O2"
	Successful ATcT Formula match using "foof"
	YAML file ./molec_data/foof.yml created.
python3 molec_yaml.py me3si
formula: C3H9Si
	Notice: "C3H9Si" not found in WebBook list
	Successful ATcT match using "C3H9Si"
	YAML file ./molec_data/me3si.yml created.
python3 molec_yaml.py sulfolane
formula: C4H8O2S
	Successful WebBook match using "C4H8O2S"
	Notice: "C4H8O2S" not found in ATcT list
	YAML file ./molec_data/sulfolane.yml created.
python3 molec_yaml.py nh2nh
formula: H3N2
	Notice: "H3N2" not found in WebBook list
	Successful ATcT match using "H3N2"
	YAML file ./molec_data/nh2nh.yml created.
python3 molec_yaml.py sif4
formula: F4Si
	Successful WebBook match using "F4Si"
	Successful ATcT match using "F4Si"
	YAML file ./molec_data/sif4.yml created.
python3 molec_yaml.py cf4
formula: CF4
	Successful WebBook match using "CF4"
	Successful ATcT match using "CF4"
	YAML file ./molec_data/cf4.yml created.
python3 molec_yaml.py hoclo2
formula: HClO3
	Notice: "HClO3" not found in WebBook list
	Multiple ATcT matches for "HClO3"
	Successful ATcT match using "chloric acid"
	YAML file ./molec_data/hoclo2.yml created.
python3 molec_yaml.py ch2cl2
formula: CH2Cl2
	Successful WebBook match using "CH2Cl2"
	Successful ATcT match using "CH2Cl2"
	YAML file ./molec_data/ch2cl2.yml created.
python3 molec_yaml.py c2o4h2
formula: C2H2O4
	Notice: "C2H2O4" not found in WebBook list
	Successful ATcT match using "C2H2O4"
	YAML file ./molec_data/c2o4h2.yml created.
python3 molec_yaml.py c2h5cooh
formula: C3H6O2
	Multiple WebBook matches for "C3H6O2"
	Successful WebBook match using "propanoic acid"
	Multiple ATcT matches for "C3H6O2"
	Successful ATcT match using "79-09-4"
	YAML file ./molec_data/c2h5cooh.yml created.
python3 molec_yaml.py iPr
formula: C3H7
	Multiple WebBook matches for "C3H7"
	Multiple ATcT matches for "C3H7"
	Successful ATcT match using "iso-propyl"
	Successful WebBook match using "2025-55-0"
	YAML file ./molec_data/iPr.yml created.
python3 molec_yaml.py c2h3o
formula: C2H3O
	Successful WebBook match using "C2H3O"
	Multiple ATcT matches for "C2H3O"
	YAML file ./molec_data/c2h3o.yml created.
python3 molec_yaml.py scl2
formula: Cl2S
	Successful WebBook match using "Cl2S"
	Notice: "Cl2S" not found in ATcT list
	YAML file ./molec_data/scl2.yml created.
python3 molec_yaml.py chonh2
formula: CH3NO
	Successful WebBook match using "CH3NO"
	Multiple ATcT matches for "CH3NO"
	Successful ATcT match using "formamide"
	YAML file ./molec_data/chonh2.yml created.
python3 molec_yaml.py clno
formula: ClNO
	Successful WebBook match using "ClNO"
	Successful ATcT match using "ClNO"
	YAML file ./molec_data/clno.yml created.
python3 molec_yaml.py nco
formula: CNO
	Notice: "CNO" not found in WebBook list
	Multiple ATcT matches for "CNO"
	Successful ATcT match using "22400-26-6"
	YAML file ./molec_data/nco.yml created.
python3 molec_yaml.py meoome
formula: C2H6O2
	Multiple WebBook matches for "C2H6O2"
	Successful WebBook match using "690-02-8"
	Multiple ATcT matches for "C2H6O2"
	YAML file ./molec_data/meoome.yml created.
python3 molec_yaml.py EC
formula: C3H4O3
	Successful WebBook match using "C3H4O3"
	Notice: "C3H4O3" not found in ATcT list
	YAML file ./molec_data/EC.yml created.
python3 molec_yaml.py c2cl4
formula: C2Cl4
	Successful WebBook match using "C2Cl4"
	Successful ATcT match using "C2Cl4"
	YAML file ./molec_data/c2cl4.yml created.
python3 molec_yaml.py cyclobutadiene
formula: C4H4
	Multiple WebBook matches for "C4H4"
	Multiple ATcT matches for "C4H4"
	Successful ATcT match using "cyclobutadiene"
	YAML file ./molec_data/cyclobutadiene.yml created.
python3 molec_yaml.py c3h8
formula: C3H8
	Successful WebBook match using "C3H8"
	Successful ATcT match using "C3H8"
	YAML file ./molec_data/c3h8.yml created.
python3 molec_yaml.py ch2cloh
formula: CH3ClO
	Notice: "CH3ClO" not found in WebBook list
	Multiple ATcT matches for "CH3ClO"
	Successful ATcT match using "chloromethanol"
	YAML file ./molec_data/ch2cloh.yml created.
python3 molec_yaml.py pyrrole
formula: C4H5N
	Multiple WebBook matches for "C4H5N"
	Successful WebBook match using "pyrrole"
	Notice: "C4H5N" not found in ATcT list
	YAML file ./molec_data/pyrrole.yml created.
python3 molec_yaml.py chclf2
formula: CHClF2
	Successful WebBook match using "CHClF2"
	Successful ATcT match using "CHClF2"
	YAML file ./molec_data/chclf2.yml created.
python3 molec_yaml.py h2o2
formula: H2O2
	Successful WebBook match using "H2O2"
	Multiple ATcT matches for "H2O2"
	Successful ATcT match using "hydrogen peroxide"
	YAML file ./molec_data/h2o2.yml created.
python3 molec_yaml.py EtOMe
formula: C3H8O
	Multiple WebBook matches for "C3H8O"
	Successful WebBook match using "540-67-0"
	Multiple ATcT matches for "C3H8O"
	Successful ATcT match using "methoxyethane"
	YAML file ./molec_data/EtOMe.yml created.
python3 molec_yaml.py nh3
formula: H3N
	Successful WebBook match using "H3N"
	Successful ATcT match using "H3N"
	YAML file ./molec_data/nh3.yml created.
python3 molec_yaml.py ch2ooh
Makefile:45: recipe for target 'molec_data/ch2ooh.yml' failed
python3 molec_yaml.py ch2ccl2
formula: C2H2Cl2
	Multiple WebBook matches for "C2H2Cl2"
	Successful WebBook match using "75-35-4"
	Multiple ATcT matches for "C2H2Cl2"
	Successful ATcT match using "75-35-4"
	YAML file ./molec_data/ch2ccl2.yml created.
python3 molec_yaml.py TCE
formula: C2HCl3
	Successful WebBook match using "C2HCl3"
	Successful ATcT match using "C2HCl3"
	YAML file ./molec_data/TCE.yml created.
python3 molec_yaml.py ch2oo
formula: CH2O2
	Successful WebBook match using "CH2O2"
	Multiple ATcT matches for "CH2O2"
	Successful ATcT match using "dioxymethyl"
	YAML file ./molec_data/ch2oo.yml created.
python3 molec_yaml.py chcl2
formula: CHCl2
	Notice: "CHCl2" not found in WebBook list
	Successful ATcT match using "CHCl2"
	YAML file ./molec_data/chcl2.yml created.
python3 molec_yaml.py thiophene
formula: C4H4S
	Successful WebBook match using "C4H4S"
	Notice: "C4H4S" not found in ATcT list
	YAML file ./molec_data/thiophene.yml created.
python3 molec_yaml.py co
formula: CO
	Successful WebBook match using "CO"
	Successful ATcT match using "CO"
	YAML file ./molec_data/co.yml created.
python3 molec_yaml.py oh
formula: HO
	Successful WebBook match using "HO"
	Successful ATcT match using "HO"
	YAML file ./molec_data/oh.yml created.
python3 molec_yaml.py ch2clch2cl
formula: C2H4Cl2
	Multiple WebBook matches for "C2H4Cl2"
	Successful WebBook match using "107-06-2"
	Multiple ATcT matches for "C2H4Cl2"
	Successful ATcT match using "1,2-dichloroethane"
	YAML file ./molec_data/ch2clch2cl.yml created.
python3 molec_yaml.py hcccho
formula: C3H2O
	Notice: "C3H2O" not found in WebBook list
	Multiple ATcT matches for "C3H2O"
	Successful ATcT match using "2-propynal"
	YAML file ./molec_data/hcccho.yml created.
python3 molec_yaml.py n2
formula: N2
	Notice: "N2" not found in WebBook list
	Successful ATcT match using "N2"
	YAML file ./molec_data/n2.yml created.
python3 molec_yaml.py butyne1
formula: C4H6
	Multiple WebBook matches for "C4H6"
	Successful WebBook match using "1-butyne"
	Multiple ATcT matches for "C4H6"
	Successful ATcT match using "1-butyne"
	YAML file ./molec_data/butyne1.yml created.
python3 molec_yaml.py chcl
formula: CHCl
	Successful WebBook match using "CHCl"
	Successful ATcT match using "CHCl"
	YAML file ./molec_data/chcl.yml created.
python3 molec_yaml.py hncn
formula: CHN2
	Notice: "CHN2" not found in WebBook list
	Multiple ATcT matches for "CHN2"
	Successful ATcT Formula match using "hncn"
	YAML file ./molec_data/hncn.yml created.
python3 molec_yaml.py tetrahedrane
formula: C4H4
	Multiple WebBook matches for "C4H4"
	Multiple ATcT matches for "C4H4"
	Successful ATcT match using "tetrahedrane"
	YAML file ./molec_data/tetrahedrane.yml created.
python3 molec_yaml.py TMA
formula: C3H9N
	Multiple WebBook matches for "C3H9N"
	Successful WebBook match using "75-50-3"
	Multiple ATcT matches for "C3H9N"
	Successful ATcT match using "trimethylamine"
	YAML file ./molec_data/TMA.yml created.
python3 molec_yaml.py PrNH2
formula: C3H9N
	Multiple WebBook matches for "C3H9N"
	Successful WebBook match using "107-10-8"
	Multiple ATcT matches for "C3H9N"
	Successful ATcT match using "107-10-8"
	YAML file ./molec_data/PrNH2.yml created.
python3 molec_yaml.py sih4
formula: H4Si
	Successful WebBook match using "H4Si"
	Successful ATcT match using "H4Si"
	YAML file ./molec_data/sih4.yml created.
python3 molec_yaml.py ch2cch
formula: C3H3
	Successful WebBook match using "C3H3"
	Multiple ATcT matches for "C3H3"
	Successful ATcT match using "propargyl"
	YAML file ./molec_data/ch2cch.yml created.
python3 molec_yaml.py ch3chf2
formula: C2H4F2
	Successful WebBook match using "C2H4F2"
	Multiple ATcT matches for "C2H4F2"
	Successful ATcT match using "1,1-difluoroethane"
	YAML file ./molec_data/ch3chf2.yml created.
python3 molec_yaml.py ch3ono
formula: CH3NO2
	Multiple WebBook matches for "CH3NO2"
	Successful WebBook match using "methyl nitrite"
	Multiple ATcT matches for "CH3NO2"
	Successful ATcT match using "methyl nitrite"
	YAML file ./molec_data/ch3ono.yml created.
python3 molec_yaml.py c3h5
formula: C3H5
	Successful WebBook match using "C3H5"
	Multiple ATcT matches for "C3H5"
	Successful ATcT match using "allyl"
	YAML file ./molec_data/c3h5.yml created.
python3 molec_yaml.py ch
formula: CH
	Successful WebBook match using "CH"
	Successful ATcT match using "CH"
	YAML file ./molec_data/ch.yml created.
python3 molec_yaml.py disiloxane
formula: H6OSi2
	Notice: "H6OSi2" not found in WebBook list
	Successful ATcT match using "H6OSi2"
	YAML file ./molec_data/disiloxane.yml created.
python3 molec_yaml.py ch2ccn
formula: C3H2N
	Notice: "C3H2N" not found in WebBook list
	Multiple ATcT matches for "C3H2N"
	Successful ATcT match using "1-cyanovinyl"
	YAML file ./molec_data/ch2ccn.yml created.
python3 molec_yaml.py c2h6
formula: C2H6
	Successful WebBook match using "C2H6"
	Successful ATcT match using "C2H6"
	YAML file ./molec_data/c2h6.yml created.
python3 molec_yaml.py hno3
formula: HNO3
	Successful WebBook match using "HNO3"
	Multiple ATcT matches for "HNO3"
	Successful ATcT match using "nitric acid"
	YAML file ./molec_data/hno3.yml created.
python3 molec_yaml.py ch3sih3
formula: CH6Si
	Notice: "CH6Si" not found in WebBook list
	Successful ATcT match using "CH6Si"
	YAML file ./molec_data/ch3sih3.yml created.
python3 molec_yaml.py hcoh
formula: CH2O
	Successful WebBook match using "CH2O"
	Multiple ATcT matches for "CH2O"
	Successful ATcT match using "hydroxymethylene"
	YAML file ./molec_data/hcoh.yml created.
python3 molec_yaml.py clo3
formula: ClO3
	Notice: "ClO3" not found in WebBook list
	Multiple ATcT matches for "ClO3"
	Successful ATcT match using "13932-10-0"
	YAML file ./molec_data/clo3.yml created.
python3 molec_yaml.py n2o
formula: N2O
	Successful WebBook match using "N2O"
	Multiple ATcT matches for "N2O"
	Successful ATcT match using "nitrous oxide"
	YAML file ./molec_data/n2o.yml created.
python3 molec_yaml.py mefo
formula: C2H4O2
	Multiple WebBook matches for "C2H4O2"
	Successful WebBook match using "methyl formate"
	Multiple ATcT matches for "C2H4O2"
	Successful ATcT match using "methyl formate"
	YAML file ./molec_data/mefo.yml created.
python3 molec_yaml.py c2h5
formula: C2H5
	Successful WebBook match using "C2H5"
	Successful ATcT match using "C2H5"
	YAML file ./molec_data/c2h5.yml created.
python3 molec_yaml.py hoc2h4oh
formula: C2H6O2
	Multiple WebBook matches for "C2H6O2"
	Successful WebBook match using "107-21-1"
	Multiple ATcT matches for "C2H6O2"
	Successful ATcT match using "ethylene glycol"
	YAML file ./molec_data/hoc2h4oh.yml created.
python3 molec_yaml.py hcco
formula: C2HO
	Notice: "C2HO" not found in WebBook list
	Successful ATcT match using "C2HO"
	YAML file ./molec_data/hcco.yml created.
python3 molec_yaml.py c2h2c
formula: C3H2
	Notice: "C3H2" not found in WebBook list
	Multiple ATcT matches for "C3H2"
	Successful ATcT match using "cyclopropenylidene"
	YAML file ./molec_data/c2h2c.yml created.
python3 molec_yaml.py cs
formula: CS
	Successful WebBook match using "CS"
	Notice: "CS" not found in ATcT list
	YAML file ./molec_data/cs.yml created.
python3 molec_yaml.py hc4h
formula: C4H2
	Successful WebBook match using "C4H2"
	Successful ATcT match using "C4H2"
	YAML file ./molec_data/hc4h.yml created.
python3 molec_yaml.py c2f2
formula: C2F2
	Successful WebBook match using "C2F2"
	Multiple ATcT matches for "C2F2"
	YAML file ./molec_data/c2f2.yml created.
python3 molec_yaml.py chchcn
formula: C3H2N
	Notice: "C3H2N" not found in WebBook list
	Multiple ATcT matches for "C3H2N"
	Successful ATcT match using "2-cyanovinyl"
	YAML file ./molec_data/chchcn.yml created.
python3 molec_yaml.py ch3ccl3
formula: C2H3Cl3
	Multiple WebBook matches for "C2H3Cl3"
	Successful WebBook match using "71-55-6"
	Multiple ATcT matches for "C2H3Cl3"
	Successful ATcT match using "1,1,1-trichloroethane"
	YAML file ./molec_data/ch3ccl3.yml created.
python3 molec_yaml.py ch3co
formula: C2H3O
	Successful WebBook match using "C2H3O"
	Multiple ATcT matches for "C2H3O"
	Successful ATcT match using "acetyl"
	YAML file ./molec_data/ch3co.yml created.
python3 molec_yaml.py n2o4
formula: N2O4
	Successful WebBook match using "N2O4"
	Multiple ATcT matches for "N2O4"
	Successful ATcT match using "10544-72-6"
	YAML file ./molec_data/n2o4.yml created.
python3 molec_yaml.py cloocl
formula: Cl2O2
	Notice: "Cl2O2" not found in WebBook list
	Multiple ATcT matches for "Cl2O2"
	Successful ATcT match using "12292-23-8"
	YAML file ./molec_data/cloocl.yml created.
python3 molec_yaml.py oxiranyl
formula: C2H3O
	Successful WebBook match using "C2H3O"
	Multiple ATcT matches for "C2H3O"
	Successful ATcT match using "oxiranyl"
	YAML file ./molec_data/oxiranyl.yml created.
python3 molec_yaml.py cl
formula: Cl
	Successful WebBook match using "Cl"
	Successful ATcT match using "Cl"
	YAML file ./molec_data/cl.yml created.
python3 molec_yaml.py sih3oh
formula: H4OSi
	Notice: "H4OSi" not found in WebBook list
	Successful ATcT match using "H4OSi"
	YAML file ./molec_data/sih3oh.yml created.
python3 molec_yaml.py c2cl2
formula: C2Cl2
	Successful WebBook match using "C2Cl2"
	Multiple ATcT matches for "C2Cl2"
	Successful ATcT match using "dichloroacetylene"
	YAML file ./molec_data/c2cl2.yml created.
python3 molec_yaml.py DMA
formula: C2H7N
	Multiple WebBook matches for "C2H7N"
	Successful WebBook match using "dimethylamine"
	Multiple ATcT matches for "C2H7N"
	Successful ATcT match using "dimethylamine"
	YAML file ./molec_data/DMA.yml created.
python3 molec_yaml.py ch2ch2oh
formula: C2H5O
	Notice: "C2H5O" not found in WebBook list
	Multiple ATcT matches for "C2H5O"
	Successful ATcT match using "2-hydroxyethyl"
	YAML file ./molec_data/ch2ch2oh.yml created.
python3 molec_yaml.py ch3no2
formula: CH3NO2
	Multiple WebBook matches for "CH3NO2"
	Successful WebBook match using "75-52-5"
	Multiple ATcT matches for "CH3NO2"
	Successful ATcT match using "nitromethane"
	YAML file ./molec_data/ch3no2.yml created.
python3 molec_yaml.py ch3nh2
formula: CH5N
	Successful WebBook match using "CH5N"
	Successful ATcT match using "CH5N"
	YAML file ./molec_data/ch3nh2.yml created.
python3 molec_yaml.py ch3oo
formula: CH3O2
	Notice: "CH3O2" not found in WebBook list
	Multiple ATcT matches for "CH3O2"
	Successful ATcT match using "2143-58-0"
	YAML file ./molec_data/ch3oo.yml created.
python3 molec_yaml.py cccl2
formula: C2Cl2
	Successful WebBook match using "C2Cl2"
	Multiple ATcT matches for "C2Cl2"
	Successful ATcT match using "dichlorovinylidene"
	YAML file ./molec_data/cccl2.yml created.
python3 molec_yaml.py ch2cl
formula: CH2Cl
	Notice: "CH2Cl" not found in WebBook list
	Successful ATcT match using "CH2Cl"
	YAML file ./molec_data/ch2cl.yml created.
python3 molec_yaml.py h2o
formula: H2O
	Successful WebBook match using "H2O"
	Successful ATcT match using "H2O"
	YAML file ./molec_data/h2o.yml created.
python3 molec_yaml.py sih2me2
formula: C2H8Si
	Notice: "C2H8Si" not found in WebBook list
	Successful ATcT match using "C2H8Si"
	YAML file ./molec_data/sih2me2.yml created.
python3 molec_yaml.py co2
formula: CO2
	Successful WebBook match using "CO2"
	Multiple ATcT matches for "CO2"
	Successful ATcT match using "carbon dioxide"
	YAML file ./molec_data/co2.yml created.
python3 molec_yaml.py nh2oh
formula: H3NO
	Notice: "H3NO" not found in WebBook list
	Multiple ATcT matches for "H3NO"
	Successful ATcT match using "hydroxylamine"
	YAML file ./molec_data/nh2oh.yml created.
python3 molec_yaml.py chfchf
formula: C2H2F2
	Successful WebBook match using "C2H2F2"
	Multiple ATcT matches for "C2H2F2"
	Successful ATcT Formula match using "chfchf"
	YAML file ./molec_data/chfchf.yml created.
python3 molec_yaml.py chocho
formula: C2H2O2
	Successful WebBook match using "C2H2O2"
	Multiple ATcT matches for "C2H2O2"
	Successful ATcT match using "glyoxal"
	YAML file ./molec_data/chocho.yml created.
python3 molec_yaml.py hcccn
formula: C3HN
	Successful WebBook match using "C3HN"
	Multiple ATcT matches for "C3HN"
	Successful ATcT match using "cyanoacetylene"
	YAML file ./molec_data/hcccn.yml created.
python3 molec_yaml.py hn3
formula: HN3
	Notice: "HN3" not found in WebBook list
	Multiple ATcT matches for "HN3"
	Successful ATcT match using "hydrazoic acid"
	YAML file ./molec_data/hn3.yml created.
python3 molec_yaml.py butanal
formula: C4H8O
	Multiple WebBook matches for "C4H8O"
	Successful WebBook match using "123-72-8"
	Multiple ATcT matches for "C4H8O"
	Successful ATcT match using "butyraldehyde"
	YAML file ./molec_data/butanal.yml created.
python3 molec_yaml.py ch3no
formula: CH3NO
	Successful WebBook match using "CH3NO"
	Multiple ATcT matches for "CH3NO"
	Successful ATcT match using "nitrosomethane"
	YAML file ./molec_data/ch3no.yml created.
python3 molec_yaml.py butadien2ol
formula: C4H6O
	Multiple WebBook matches for "C4H6O"
	Successful WebBook match using "59120-04-6"
	Multiple ATcT matches for "C4H6O"
	Successful ATcT match using "1,3-butadien-2-ol"
	YAML file ./molec_data/butadien2ol.yml created.
python3 molec_yaml.py mepy1
formula: C5H7N
	Multiple WebBook matches for "C5H7N"
	Successful WebBook match using "96-54-8"
	Notice: "C5H7N" not found in ATcT list
	YAML file ./molec_data/mepy1.yml created.
python3 molec_yaml.py clc2h4oh
formula: C2H5ClO
	Notice: "C2H5ClO" not found in WebBook list
	Successful ATcT match using "C2H5ClO"
	YAML file ./molec_data/clc2h4oh.yml created.
python3 molec_yaml.py urea
formula: CH4N2O
	Successful WebBook match using "CH4N2O"
	Multiple ATcT matches for "CH4N2O"
	Successful ATcT match using "urea"
	YAML file ./molec_data/urea.yml created.
python3 molec_yaml.py sBu
formula: C4H9
	Multiple WebBook matches for "C4H9"
	Multiple ATcT matches for "C4H9"
	YAML file ./molec_data/sBu.yml created.
python3 molec_yaml.py hclo4
formula: HClO4
	Notice: "HClO4" not found in WebBook list
	Multiple ATcT matches for "HClO4"
	Successful ATcT match using "perchloric acid"
	YAML file ./molec_data/hclo4.yml created.
python3 molec_yaml.py fo
formula: FO
	Successful WebBook match using "FO"
	Successful ATcT match using "FO"
	YAML file ./molec_data/fo.yml created.
python3 molec_yaml.py oxirene
formula: C2H2O
	Multiple WebBook matches for "C2H2O"
	Multiple ATcT matches for "C2H2O"
	YAML file ./molec_data/oxirene.yml created.
python3 molec_yaml.py chf3
formula: CHF3
	Successful WebBook match using "CHF3"
	Successful ATcT match using "CHF3"
	YAML file ./molec_data/chf3.yml created.
python3 molec_yaml.py p
formula: P
	Successful WebBook match using "P"
	Notice: "P" not found in ATcT list
	YAML file ./molec_data/p.yml created.
python3 molec_yaml.py nh2o
formula: H2NO
	Notice: "H2NO" not found in WebBook list
	Multiple ATcT matches for "H2NO"
	Successful ATcT Formula match using "nh2o"
	YAML file ./molec_data/nh2o.yml created.
python3 molec_yaml.py hoclo
formula: HClO2
	Notice: "HClO2" not found in WebBook list
	Multiple ATcT matches for "HClO2"
	Successful ATcT match using "chlorous acid"
	YAML file ./molec_data/hoclo.yml created.
python3 molec_yaml.py ch3chco
formula: C3H4O
	Successful WebBook match using "C3H4O"
	Multiple ATcT matches for "C3H4O"
	Successful ATcT match using "methylketene"
	YAML file ./molec_data/ch3chco.yml created.
python3 molec_yaml.py butene1
formula: C4H8
	Multiple WebBook matches for "C4H8"
	Successful WebBook match using "1-butene"
	Multiple ATcT matches for "C4H8"
	Successful ATcT match using "1-butene"
	YAML file ./molec_data/butene1.yml created.
python3 molec_yaml.py c2h3cn
formula: C3H3N
	Successful WebBook match using "C3H3N"
	Multiple ATcT matches for "C3H3N"
	Successful ATcT match using "acrylonitrile"
	YAML file ./molec_data/c2h3cn.yml created.
python3 molec_yaml.py hf
formula: HF
	Successful WebBook match using "HF"
	Successful ATcT match using "HF"
	YAML file ./molec_data/hf.yml created.
python3 molec_yaml.py hno
formula: HNO
	Successful WebBook match using "HNO"
	Multiple ATcT matches for "HNO"
	Successful ATcT match using "14332-28-6"
	YAML file ./molec_data/hno.yml created.
python3 molec_yaml.py cfcl3
formula: CCl3F
	Successful WebBook match using "CCl3F"
	Successful ATcT match using "CCl3F"
	YAML file ./molec_data/cfcl3.yml created.
python3 molec_yaml.py h2
formula: H2
	Notice: "H2" not found in WebBook list
	Successful ATcT match using "H2"
	YAML file ./molec_data/h2.yml created.
python3 molec_yaml.py o2
formula: O2
	Notice: "O2" not found in WebBook list
	Successful ATcT match using "O2"
	YAML file ./molec_data/o2.yml created.
python3 molec_yaml.py onno
formula: N2O2
	Notice: "N2O2" not found in WebBook list
	Successful ATcT match using "N2O2"
	YAML file ./molec_data/onno.yml created.
python3 molec_yaml.py hoono
formula: HNO3
	Successful WebBook match using "HNO3"
	Multiple ATcT matches for "HNO3"
	Successful ATcT match using "peroxynitrous acid"
	YAML file ./molec_data/hoono.yml created.
python3 molec_yaml.py ch2f2
formula: CH2F2
	Successful WebBook match using "CH2F2"
	Successful ATcT match using "CH2F2"
	YAML file ./molec_data/ch2f2.yml created.
python3 molec_yaml.py no3
formula: NO3
	Successful WebBook match using "NO3"
	Successful ATcT match using "NO3"
	YAML file ./molec_data/no3.yml created.
python3 molec_yaml.py clf2
formula: ClF2
	Notice: "ClF2" not found in WebBook list
	Multiple ATcT matches for "ClF2"
	Successful ATcT match using "24801-48-7"
	YAML file ./molec_data/clf2.yml created.
python3 molec_yaml.py ch2clccl3
formula: C2H2Cl4
	Multiple WebBook matches for "C2H2Cl4"
	Successful WebBook match using "630-20-6"
	Multiple ATcT matches for "C2H2Cl4"
	Successful ATcT match using "1,1,1,2-tetrachloroethane"
	YAML file ./molec_data/ch2clccl3.yml created.
python3 molec_yaml.py chclo
formula: CHClO
	Notice: "CHClO" not found in WebBook list
	Multiple ATcT matches for "CHClO"
	Successful ATcT match using "formyl chloride"
	YAML file ./molec_data/chclo.yml created.
python3 molec_yaml.py no
formula: NO
	Successful WebBook match using "NO"
	Successful ATcT match using "NO"
	YAML file ./molec_data/no.yml created.
python3 molec_yaml.py butyrolactone
formula: C4H6O2
	Multiple WebBook matches for "C4H6O2"
	Successful WebBook match using "butyrolactone"
	Successful ATcT match using "C4H6O2"
	YAML file ./molec_data/butyrolactone.yml created.
python3 molec_yaml.py ch3cccl
formula: C3H3Cl
	Notice: "C3H3Cl" not found in WebBook list
	Multiple ATcT matches for "C3H3Cl"
	Successful ATcT match using "1-chloropropyne"
	YAML file ./molec_data/ch3cccl.yml created.
python3 molec_yaml.py ccl2o
formula: CCl2O
	Successful WebBook match using "CCl2O"
	Multiple ATcT matches for "CCl2O"
	Successful ATcT match using "phosgene"
	YAML file ./molec_data/ccl2o.yml created.
python3 molec_yaml.py f2o
formula: F2O
	Successful WebBook match using "F2O"
	Multiple ATcT matches for "F2O"
	Successful ATcT match using "oxygen difluoride"
	YAML file ./molec_data/f2o.yml created.
python3 molec_yaml.py dioxolane
formula: C3H6O2
	Multiple WebBook matches for "C3H6O2"
	Successful WebBook match using "646-06-0"
	Multiple ATcT matches for "C3H6O2"
	YAML file ./molec_data/dioxolane.yml created.
python3 molec_yaml.py ccl
formula: CCl
	Successful WebBook match using "CCl"
	Successful ATcT match using "CCl"
	YAML file ./molec_data/ccl.yml created.
python3 molec_yaml.py hccn
formula: C3HN
	Successful WebBook match using "C3HN"
	Multiple ATcT matches for "C3HN"
	YAML file ./molec_data/hccn.yml created.
python3 molec_yaml.py hclo
formula: HClO
	Successful WebBook match using "HClO"
	Multiple ATcT matches for "HClO"
	Successful ATcT match using "7790-92-3"
	YAML file ./molec_data/hclo.yml created.
python3 molec_yaml.py me2so2
formula: C2H6O2S
	Successful WebBook match using "C2H6O2S"
	Notice: "C2H6O2S" not found in ATcT list
	YAML file ./molec_data/me2so2.yml created.
python3 molec_yaml.py ch2fch2f
formula: C2H4F2
	Successful WebBook match using "C2H4F2"
	Multiple ATcT matches for "C2H4F2"
	Successful ATcT match using "1,2-difluoroethane"
	YAML file ./molec_data/ch2fch2f.yml created.
python3 molec_yaml.py ch3ocl
formula: CH3ClO
	Notice: "CH3ClO" not found in WebBook list
	Multiple ATcT matches for "CH3ClO"
	Successful ATcT match using "methyl hypochlorite"
	YAML file ./molec_data/ch3ocl.yml created.
python3 molec_yaml.py sih2
formula: H2Si
	Notice: "H2Si" not found in WebBook list
	Successful ATcT match using "H2Si"
	YAML file ./molec_data/sih2.yml created.
python3 molec_yaml.py hoco2
formula: CHO3
	Notice: "CHO3" not found in WebBook list
	Multiple ATcT matches for "CHO3"
	YAML file ./molec_data/hoco2.yml created.
python3 molec_yaml.py ch2cco
formula: C3H2O
	Notice: "C3H2O" not found in WebBook list
	Multiple ATcT matches for "C3H2O"
	Successful ATcT match using "propadienone"
	YAML file ./molec_data/ch2cco.yml created.
python3 molec_yaml.py ketene
formula: C2H2O
	Multiple WebBook matches for "C2H2O"
	Successful WebBook match using "ketene"
	Multiple ATcT matches for "C2H2O"
	Successful ATcT match using "ketene"
	YAML file ./molec_data/ketene.yml created.
python3 molec_yaml.py clf
formula: ClF
	Successful WebBook match using "ClF"
	Successful ATcT match using "ClF"
	YAML file ./molec_data/clf.yml created.
python3 molec_yaml.py ho2
formula: HO2
	Successful WebBook match using "HO2"
	Successful ATcT match using "HO2"
	YAML file ./molec_data/ho2.yml created.
python3 molec_yaml.py hccf
formula: C2HF
	Successful WebBook match using "C2HF"
	Multiple ATcT matches for "C2HF"
	Successful ATcT match using "fluoroacetylene"
	YAML file ./molec_data/hccf.yml created.
python3 molec_yaml.py me2sio
formula: C2H6OSi
	Notice: "C2H6OSi" not found in WebBook list
	Successful ATcT match using "C2H6OSi"
	YAML file ./molec_data/me2sio.yml created.
python3 molec_yaml.py ch2fcl
formula: CH2ClF
	Successful WebBook match using "CH2ClF"
	Successful ATcT match using "CH2ClF"
	YAML file ./molec_data/ch2fcl.yml created.
python3 molec_yaml.py ch3cho
formula: C2H4O
	Multiple WebBook matches for "C2H4O"
	Successful WebBook match using "acetaldehyde"
	Multiple ATcT matches for "C2H4O"
	Successful ATcT match using "acetaldehyde"
	YAML file ./molec_data/ch3cho.yml created.
python3 molec_yaml.py ch4
formula: CH4
	Successful WebBook match using "CH4"
	Successful ATcT match using "CH4"
	YAML file ./molec_data/ch4.yml created.
python3 molec_yaml.py hco3h
formula: CH2O3
	Notice: "CH2O3" not found in WebBook list
	Multiple ATcT matches for "CH2O3"
	Successful ATcT match using "peroxyformic acid"
	YAML file ./molec_data/hco3h.yml created.
python3 molec_yaml.py cyc3yl
formula: C3H5
	Successful WebBook match using "C3H5"
	Multiple ATcT matches for "C3H5"
	Successful ATcT match using "cyclopropyl"
	YAML file ./molec_data/cyc3yl.yml created.
python3 molec_yaml.py nh2cn
formula: CH2N2
	Multiple WebBook matches for "CH2N2"
	Successful ATcT match using "CH2N2"
	YAML file ./molec_data/nh2cn.yml created.
python3 molec_yaml.py cyc4
formula: C4H8
	Multiple WebBook matches for "C4H8"
	Multiple ATcT matches for "C4H8"
	Successful ATcT match using "cyclobutane"
	YAML file ./molec_data/cyc4.yml created.
python3 molec_yaml.py propene
formula: C3H6
	Multiple WebBook matches for "C3H6"
	Successful WebBook match using "propene"
	Multiple ATcT matches for "C3H6"
	Successful ATcT match using "propene"
	YAML file ./molec_data/propene.yml created.
python3 molec_yaml.py cf3cl
formula: CClF3
	Successful WebBook match using "CClF3"
	Successful ATcT match using "CClF3"
	YAML file ./molec_data/cf3cl.yml created.
python3 molec_yaml.py phcl2
formula: C6H4Cl2
	Multiple WebBook matches for "C6H4Cl2"
	Successful WebBook match using "106-46-7"
	Notice: "C6H4Cl2" not found in ATcT list
	YAML file ./molec_data/phcl2.yml created.
python3 molec_yaml.py o3
formula: O3
	Successful WebBook match using "O3"
	Multiple ATcT matches for "O3"
	Successful ATcT match using "ozone"
	YAML file ./molec_data/o3.yml created.
python3 molec_yaml.py s
formula: S
	Successful WebBook match using "S"
	Notice: "S" not found in ATcT list
	YAML file ./molec_data/s.yml created.
python3 molec_yaml.py no2
formula: NO2
	Successful WebBook match using "NO2"
	Multiple ATcT matches for "NO2"
	Successful ATcT match using "nitrogen dioxide"
	YAML file ./molec_data/no2.yml created.
python3 molec_yaml.py c2h3oh
formula: C2H4O
	Multiple WebBook matches for "C2H4O"
	Successful WebBook match using "557-75-5"
	Multiple ATcT matches for "C2H4O"
	Successful ATcT match using "557-75-5"
	YAML file ./molec_data/c2h3oh.yml created.
python3 molec_yaml.py ch2oh
formula: CH3O
	Multiple WebBook matches for "CH3O"
	Successful WebBook match using "2143-68-2"
	Multiple ATcT matches for "CH3O"
	Successful ATcT match using "hydroxymethyl"
	YAML file ./molec_data/ch2oh.yml created.
python3 molec_yaml.py ch2nh
formula: CH3N
	Successful WebBook match using "CH3N"
	Multiple ATcT matches for "CH3N"
	Successful ATcT match using "methanimine"
	YAML file ./molec_data/ch2nh.yml created.
*** CC incomplete or failed for molecule etoc2h3

